DEBUG 2017-01-02 10:46:05,372: 	 Executing command: 'checkusername'
DEBUG 2017-01-02 10:46:05,373: 	 Found CRAB cache file /afs/hephy.at/user/m/mspanring/.crab3
DEBUG 2017-01-02 10:46:05,380: 	 Checking credentials
DEBUG 2017-01-02 10:46:05,380: 	 Found proxy file /tmp/x509up_u1095
DEBUG 2017-01-02 10:46:05,380: 	 Getting proxy life time left
DEBUG 2017-01-02 10:46:05,885: 	 Executing : 
 command : voms-proxy-info -file /tmp/x509up_u1095 -timeleft
 output : 39716

 error: 
 retcode : 0
DEBUG 2017-01-02 10:46:06,391: 	 Executing : 
 command : voms-proxy-info -file /tmp/x509up_u1095 -actimeleft
 output : 39715

 error: 
 retcode : 0
DEBUG 2017-01-02 10:46:06,391: 	 Proxy valid for 11:01:56 hours
DEBUG 2017-01-02 10:46:06,502: 	 Executing : 
 command : openssl x509 -in ~/.globus/usercert.pem -subject -noout
 output : subject= /DC=ch/DC=cern/OU=Organic Units/OU=Users/CN=mspanrin/CN=761600/CN=Markus Spanring

 error: 
 retcode : 0
DEBUG 2017-01-02 10:46:06,502: 	 Checking credentials
DEBUG 2017-01-02 10:46:06,502: 	 Found proxy file /tmp/x509up_u1095
DEBUG 2017-01-02 10:46:06,502: 	 Getting proxy life time left
DEBUG 2017-01-02 10:46:07,007: 	 Executing : 
 command : voms-proxy-info -file /tmp/x509up_u1095 -timeleft
 output : 39715

 error: 
 retcode : 0
DEBUG 2017-01-02 10:46:07,513: 	 Executing : 
 command : voms-proxy-info -file /tmp/x509up_u1095 -actimeleft
 output : 39714

 error: 
 retcode : 0
DEBUG 2017-01-02 10:46:07,513: 	 Proxy valid for 11:01:55 hours
DEBUG 2017-01-02 10:46:07,513: 	 Command use: checkusername
DEBUG 2017-01-02 10:46:07,513: 	 Options use: []
DEBUG 2017-01-02 10:46:07,513: 	 Instance is None
DEBUG 2017-01-02 10:46:07,513: 	 Server base url is None
INFO 2017-01-02 10:46:07,513: 	 Retrieving DN from proxy...
INFO 2017-01-02 10:46:08,806: 	 DN is: /DC=ch/DC=cern/OU=Organic Units/OU=Users/CN=mspanrin/CN=761600/CN=Markus Spanring
INFO 2017-01-02 10:46:08,806: 	 Retrieving username from SiteDB...
INFO 2017-01-02 10:46:11,423: 	 Username is: mspanrin
